Determining if the C compiler works failed with the following output:
Change Dir: /home/quan/hexapod_service_ws/src/hexapodservice/build/CMakeFiles/CMakeTmp

Run Build Command:/usr/bin/make "cmTryCompileExec3263756640/fast"
/usr/bin/make -f CMakeFiles/cmTryCompileExec3263756640.dir/build.make CMakeFiles/cmTryCompileExec3263756640.dir/build
make[1]: 正在进入目录 `/home/quan/hexapod_service_ws/src/hexapodservice/build/CMakeFiles/CMakeTmp'
/usr/bin/cmake -E cmake_progress_report /home/quan/hexapod_service_ws/src/hexapodservice/build/CMakeFiles/CMakeTmp/CMakeFiles 1
Building C object CMakeFiles/cmTryCompileExec3263756640.dir/testCCompiler.c.o
/usr/bin/avr-gcc-4.8.2    -o CMakeFiles/cmTryCompileExec3263756640.dir/testCCompiler.c.o   -c /home/quan/hexapod_service_ws/src/hexapodservice/build/CMakeFiles/CMakeTmp/testCCompiler.c
Linking C executable cmTryCompileExec3263756640
/usr/bin/cmake -E cmake_link_script CMakeFiles/cmTryCompileExec3263756640.dir/link.txt --verbose=1
/usr/bin/avr-gcc-4.8.2       CMakeFiles/cmTryCompileExec3263756640.dir/testCCompiler.c.o  -o cmTryCompileExec3263756640 -rdynamic 
avr-gcc-4.8.2: error: unrecognized command line option ‘-rdynamic’
make[1]: *** [cmTryCompileExec3263756640] 错误 1
make[1]:正在离开目录 `/home/quan/hexapod_service_ws/src/hexapodservice/build/CMakeFiles/CMakeTmp'
make: *** [cmTryCompileExec3263756640/fast] 错误 2


Determining if the C compiler works failed with the following output:
Change Dir: /home/quan/hexapod_service_ws/src/hexapodservice/build/CMakeFiles/CMakeTmp

Run Build Command:/usr/bin/make "cmTryCompileExec569222833/fast"
/usr/bin/make -f CMakeFiles/cmTryCompileExec569222833.dir/build.make CMakeFiles/cmTryCompileExec569222833.dir/build
make[1]: 正在进入目录 `/home/quan/hexapod_service_ws/src/hexapodservice/build/CMakeFiles/CMakeTmp'
/usr/bin/cmake -E cmake_progress_report /home/quan/hexapod_service_ws/src/hexapodservice/build/CMakeFiles/CMakeTmp/CMakeFiles 1
Building C object CMakeFiles/cmTryCompileExec569222833.dir/testCCompiler.c.o
/usr/bin/avr-gcc-4.8.2    -o CMakeFiles/cmTryCompileExec569222833.dir/testCCompiler.c.o   -c /home/quan/hexapod_service_ws/src/hexapodservice/build/CMakeFiles/CMakeTmp/testCCompiler.c
Linking C executable cmTryCompileExec569222833
/usr/bin/cmake -E cmake_link_script CMakeFiles/cmTryCompileExec569222833.dir/link.txt --verbose=1
/usr/bin/avr-gcc-4.8.2       CMakeFiles/cmTryCompileExec569222833.dir/testCCompiler.c.o  -o cmTryCompileExec569222833 -rdynamic 
avr-gcc-4.8.2: error: unrecognized command line option ‘-rdynamic’
make[1]: *** [cmTryCompileExec569222833] 错误 1
make[1]:正在离开目录 `/home/quan/hexapod_service_ws/src/hexapodservice/build/CMakeFiles/CMakeTmp'
make: *** [cmTryCompileExec569222833/fast] 错误 2


Determining if the pthread_create exist failed with the following output:
Change Dir: /home/quan/hexapod_service_ws/src/hexapodservice/build/CMakeFiles/CMakeTmp

Run Build Command:"/usr/bin/make" "cmTC_c8884/fast"
/usr/bin/make -f CMakeFiles/cmTC_c8884.dir/build.make CMakeFiles/cmTC_c8884.dir/build
make[1]: 正在进入目录 `/home/quan/hexapod_service_ws/src/hexapodservice/build/CMakeFiles/CMakeTmp'
Building C object CMakeFiles/cmTC_c8884.dir/CheckSymbolExists.c.o
/usr/bin/gcc-4.8    -o CMakeFiles/cmTC_c8884.dir/CheckSymbolExists.c.o   -c /home/quan/hexapod_service_ws/src/hexapodservice/build/CMakeFiles/CMakeTmp/CheckSymbolExists.c
Linking C executable cmTC_c8884
/usr/local/bin/cmake -E cmake_link_script CMakeFiles/cmTC_c8884.dir/link.txt --verbose=1
/usr/bin/gcc-4.8      -rdynamic CMakeFiles/cmTC_c8884.dir/CheckSymbolExists.c.o  -o cmTC_c8884 
CMakeFiles/cmTC_c8884.dir/CheckSymbolExists.c.o：在函数‘main’中：
CheckSymbolExists.c:(.text+0x16)：对‘pthread_create’未定义的引用
collect2: error: ld returned 1 exit status
make[1]: *** [cmTC_c8884] 错误 1
make[1]:正在离开目录 `/home/quan/hexapod_service_ws/src/hexapodservice/build/CMakeFiles/CMakeTmp'
make: *** [cmTC_c8884/fast] 错误 2

File /home/quan/hexapod_service_ws/src/hexapodservice/build/CMakeFiles/CMakeTmp/CheckSymbolExists.c:
/* */
#include <pthread.h>

int main(int argc, char** argv)
{
  (void)argv;
#ifndef pthread_create
  return ((int*)(&pthread_create))[argc];
#else
  (void)argc;
  return 0;
#endif
}

Determining if the function pthread_create exists in the pthreads failed with the following output:
Change Dir: /home/quan/hexapod_service_ws/src/hexapodservice/build/CMakeFiles/CMakeTmp

Run Build Command:"/usr/bin/make" "cmTC_f1218/fast"
/usr/bin/make -f CMakeFiles/cmTC_f1218.dir/build.make CMakeFiles/cmTC_f1218.dir/build
make[1]: 正在进入目录 `/home/quan/hexapod_service_ws/src/hexapodservice/build/CMakeFiles/CMakeTmp'
Building C object CMakeFiles/cmTC_f1218.dir/CheckFunctionExists.c.o
/usr/bin/gcc-4.8   -DCHECK_FUNCTION_EXISTS=pthread_create   -o CMakeFiles/cmTC_f1218.dir/CheckFunctionExists.c.o   -c /usr/local/share/cmake-3.12/Modules/CheckFunctionExists.c
Linking C executable cmTC_f1218
/usr/local/bin/cmake -E cmake_link_script CMakeFiles/cmTC_f1218.dir/link.txt --verbose=1
/usr/bin/gcc-4.8  -DCHECK_FUNCTION_EXISTS=pthread_create    -rdynamic CMakeFiles/cmTC_f1218.dir/CheckFunctionExists.c.o  -o cmTC_f1218 -lpthreads 
/usr/bin/ld: 找不到 -lpthreads
collect2: error: ld returned 1 exit status
make[1]: *** [cmTC_f1218] 错误 1
make[1]:正在离开目录 `/home/quan/hexapod_service_ws/src/hexapodservice/build/CMakeFiles/CMakeTmp'
make: *** [cmTC_f1218/fast] 错误 2


