Determining if the pthread_create exist failed with the following output:
Change Dir: /home/quan/hexapod_service_ws/build/CMakeFiles/CMakeTmp

Run Build Command:/usr/bin/make "cmTryCompileExec3054391080/fast"
/usr/bin/make -f CMakeFiles/cmTryCompileExec3054391080.dir/build.make CMakeFiles/cmTryCompileExec3054391080.dir/build
make[1]: 正在进入目录 `/home/quan/hexapod_service_ws/build/CMakeFiles/CMakeTmp'
/usr/bin/cmake -E cmake_progress_report /home/quan/hexapod_service_ws/build/CMakeFiles/CMakeTmp/CMakeFiles 1
Building C object CMakeFiles/cmTryCompileExec3054391080.dir/CheckSymbolExists.c.o
/usr/bin/cc    -o CMakeFiles/cmTryCompileExec3054391080.dir/CheckSymbolExists.c.o   -c /home/quan/hexapod_service_ws/build/CMakeFiles/CMakeTmp/CheckSymbolExists.c
Linking C executable cmTryCompileExec3054391080
/usr/bin/cmake -E cmake_link_script CMakeFiles/cmTryCompileExec3054391080.dir/link.txt --verbose=1
/usr/bin/cc       CMakeFiles/cmTryCompileExec3054391080.dir/CheckSymbolExists.c.o  -o cmTryCompileExec3054391080 -rdynamic 
CMakeFiles/cmTryCompileExec3054391080.dir/CheckSymbolExists.c.o：在函数‘main’中：
CheckSymbolExists.c:(.text+0x16)：对‘pthread_create’未定义的引用
collect2: error: ld returned 1 exit status
make[1]: *** [cmTryCompileExec3054391080] 错误 1
make[1]:正在离开目录 `/home/quan/hexapod_service_ws/build/CMakeFiles/CMakeTmp'
make: *** [cmTryCompileExec3054391080/fast] 错误 2

File /home/quan/hexapod_service_ws/build/CMakeFiles/CMakeTmp/CheckSymbolExists.c:
/* */
#include <pthread.h>

int main(int argc, char** argv)
{
  (void)argv;
#ifndef pthread_create
  return ((int*)(&pthread_create))[argc];
#else
  (void)argc;
  return 0;
#endif
}

Determining if the function pthread_create exists in the pthreads failed with the following output:
Change Dir: /home/quan/hexapod_service_ws/build/CMakeFiles/CMakeTmp

Run Build Command:/usr/bin/make "cmTryCompileExec3868598581/fast"
/usr/bin/make -f CMakeFiles/cmTryCompileExec3868598581.dir/build.make CMakeFiles/cmTryCompileExec3868598581.dir/build
make[1]: 正在进入目录 `/home/quan/hexapod_service_ws/build/CMakeFiles/CMakeTmp'
/usr/bin/cmake -E cmake_progress_report /home/quan/hexapod_service_ws/build/CMakeFiles/CMakeTmp/CMakeFiles 1
Building C object CMakeFiles/cmTryCompileExec3868598581.dir/CheckFunctionExists.c.o
/usr/bin/cc   -DCHECK_FUNCTION_EXISTS=pthread_create   -o CMakeFiles/cmTryCompileExec3868598581.dir/CheckFunctionExists.c.o   -c /usr/share/cmake-2.8/Modules/CheckFunctionExists.c
Linking C executable cmTryCompileExec3868598581
/usr/bin/cmake -E cmake_link_script CMakeFiles/cmTryCompileExec3868598581.dir/link.txt --verbose=1
/usr/bin/cc   -DCHECK_FUNCTION_EXISTS=pthread_create    CMakeFiles/cmTryCompileExec3868598581.dir/CheckFunctionExists.c.o  -o cmTryCompileExec3868598581 -rdynamic -lpthreads 
/usr/bin/ld: 找不到 -lpthreads
collect2: error: ld returned 1 exit status
make[1]: *** [cmTryCompileExec3868598581] 错误 1
make[1]:正在离开目录 `/home/quan/hexapod_service_ws/build/CMakeFiles/CMakeTmp'
make: *** [cmTryCompileExec3868598581/fast] 错误 2


Determining if the Q_WS_WIN exist failed with the following output:
Change Dir: /home/quan/hexapod_service_ws/build/CMakeFiles/CMakeTmp

Run Build Command:/usr/bin/make "cmTryCompileExec594504898/fast"
/usr/bin/make -f CMakeFiles/cmTryCompileExec594504898.dir/build.make CMakeFiles/cmTryCompileExec594504898.dir/build
make[1]: 正在进入目录 `/home/quan/hexapod_service_ws/build/CMakeFiles/CMakeTmp'
/usr/bin/cmake -E cmake_progress_report /home/quan/hexapod_service_ws/build/CMakeFiles/CMakeTmp/CMakeFiles 1
Building CXX object CMakeFiles/cmTryCompileExec594504898.dir/CheckSymbolExists.cxx.o
/usr/bin/c++    -I/usr/include/qt4    -o CMakeFiles/cmTryCompileExec594504898.dir/CheckSymbolExists.cxx.o -c /home/quan/hexapod_service_ws/build/CMakeFiles/CMakeTmp/CheckSymbolExists.cxx
/home/quan/hexapod_service_ws/build/CMakeFiles/CMakeTmp/CheckSymbolExists.cxx: In function ‘int main(int, char**)’:
/home/quan/hexapod_service_ws/build/CMakeFiles/CMakeTmp/CheckSymbolExists.cxx:8:19: error: ‘Q_WS_WIN’ was not declared in this scope
   return ((int*)(&Q_WS_WIN))[argc];
                   ^
make[1]: *** [CMakeFiles/cmTryCompileExec594504898.dir/CheckSymbolExists.cxx.o] 错误 1
make[1]:正在离开目录 `/home/quan/hexapod_service_ws/build/CMakeFiles/CMakeTmp'
make: *** [cmTryCompileExec594504898/fast] 错误 2

File /home/quan/hexapod_service_ws/build/CMakeFiles/CMakeTmp/CheckSymbolExists.cxx:
/* */
#include <QtCore/qglobal.h>

int main(int argc, char** argv)
{
  (void)argv;
#ifndef Q_WS_WIN
  return ((int*)(&Q_WS_WIN))[argc];
#else
  (void)argc;
  return 0;
#endif
}

Determining if the Q_WS_QWS exist failed with the following output:
Change Dir: /home/quan/hexapod_service_ws/build/CMakeFiles/CMakeTmp

Run Build Command:/usr/bin/make "cmTryCompileExec3722064430/fast"
/usr/bin/make -f CMakeFiles/cmTryCompileExec3722064430.dir/build.make CMakeFiles/cmTryCompileExec3722064430.dir/build
make[1]: 正在进入目录 `/home/quan/hexapod_service_ws/build/CMakeFiles/CMakeTmp'
/usr/bin/cmake -E cmake_progress_report /home/quan/hexapod_service_ws/build/CMakeFiles/CMakeTmp/CMakeFiles 1
Building CXX object CMakeFiles/cmTryCompileExec3722064430.dir/CheckSymbolExists.cxx.o
/usr/bin/c++    -I/usr/include/qt4    -o CMakeFiles/cmTryCompileExec3722064430.dir/CheckSymbolExists.cxx.o -c /home/quan/hexapod_service_ws/build/CMakeFiles/CMakeTmp/CheckSymbolExists.cxx
/home/quan/hexapod_service_ws/build/CMakeFiles/CMakeTmp/CheckSymbolExists.cxx: In function ‘int main(int, char**)’:
/home/quan/hexapod_service_ws/build/CMakeFiles/CMakeTmp/CheckSymbolExists.cxx:8:19: error: ‘Q_WS_QWS’ was not declared in this scope
   return ((int*)(&Q_WS_QWS))[argc];
                   ^
make[1]: *** [CMakeFiles/cmTryCompileExec3722064430.dir/CheckSymbolExists.cxx.o] 错误 1
make[1]:正在离开目录 `/home/quan/hexapod_service_ws/build/CMakeFiles/CMakeTmp'
make: *** [cmTryCompileExec3722064430/fast] 错误 2

File /home/quan/hexapod_service_ws/build/CMakeFiles/CMakeTmp/CheckSymbolExists.cxx:
/* */
#include <QtCore/qglobal.h>

int main(int argc, char** argv)
{
  (void)argv;
#ifndef Q_WS_QWS
  return ((int*)(&Q_WS_QWS))[argc];
#else
  (void)argc;
  return 0;
#endif
}

Determining if the Q_WS_MAC exist failed with the following output:
Change Dir: /home/quan/hexapod_service_ws/build/CMakeFiles/CMakeTmp

Run Build Command:/usr/bin/make "cmTryCompileExec907375192/fast"
/usr/bin/make -f CMakeFiles/cmTryCompileExec907375192.dir/build.make CMakeFiles/cmTryCompileExec907375192.dir/build
make[1]: 正在进入目录 `/home/quan/hexapod_service_ws/build/CMakeFiles/CMakeTmp'
/usr/bin/cmake -E cmake_progress_report /home/quan/hexapod_service_ws/build/CMakeFiles/CMakeTmp/CMakeFiles 1
Building CXX object CMakeFiles/cmTryCompileExec907375192.dir/CheckSymbolExists.cxx.o
/usr/bin/c++    -I/usr/include/qt4    -o CMakeFiles/cmTryCompileExec907375192.dir/CheckSymbolExists.cxx.o -c /home/quan/hexapod_service_ws/build/CMakeFiles/CMakeTmp/CheckSymbolExists.cxx
/home/quan/hexapod_service_ws/build/CMakeFiles/CMakeTmp/CheckSymbolExists.cxx: In function ‘int main(int, char**)’:
/home/quan/hexapod_service_ws/build/CMakeFiles/CMakeTmp/CheckSymbolExists.cxx:8:19: error: ‘Q_WS_MAC’ was not declared in this scope
   return ((int*)(&Q_WS_MAC))[argc];
                   ^
make[1]:正在离开目录 `/home/quan/hexapod_service_ws/build/CMakeFiles/CMakeTmp'
make[1]: *** [CMakeFiles/cmTryCompileExec907375192.dir/CheckSymbolExists.cxx.o] 错误 1
make: *** [cmTryCompileExec907375192/fast] 错误 2

File /home/quan/hexapod_service_ws/build/CMakeFiles/CMakeTmp/CheckSymbolExists.cxx:
/* */
#include <QtCore/qglobal.h>

int main(int argc, char** argv)
{
  (void)argv;
#ifndef Q_WS_MAC
  return ((int*)(&Q_WS_MAC))[argc];
#else
  (void)argc;
  return 0;
#endif
}

