Determining if the pthread_create exist failed with the following output:
Change Dir: /home/v5lab/hexapod_service_ws/src/climb2wall/build/CMakeFiles/CMakeTmp

Run Build Command:/usr/bin/make "cmTryCompileExec1236100181/fast"
/usr/bin/make -f CMakeFiles/cmTryCompileExec1236100181.dir/build.make CMakeFiles/cmTryCompileExec1236100181.dir/build
make[1]: 正在进入目录 `/home/v5lab/hexapod_service_ws/src/climb2wall/build/CMakeFiles/CMakeTmp'
/usr/bin/cmake -E cmake_progress_report /home/v5lab/hexapod_service_ws/src/climb2wall/build/CMakeFiles/CMakeTmp/CMakeFiles 1
Building C object CMakeFiles/cmTryCompileExec1236100181.dir/CheckSymbolExists.c.o
/usr/bin/c89-gcc    -o CMakeFiles/cmTryCompileExec1236100181.dir/CheckSymbolExists.c.o   -c /home/v5lab/hexapod_service_ws/src/climb2wall/build/CMakeFiles/CMakeTmp/CheckSymbolExists.c
Linking C executable cmTryCompileExec1236100181
/usr/bin/cmake -E cmake_link_script CMakeFiles/cmTryCompileExec1236100181.dir/link.txt --verbose=1
/usr/bin/c89-gcc       CMakeFiles/cmTryCompileExec1236100181.dir/CheckSymbolExists.c.o  -o cmTryCompileExec1236100181 -rdynamic 
CMakeFiles/cmTryCompileExec1236100181.dir/CheckSymbolExists.c.o：在函数‘main’中：
CheckSymbolExists.c:(.text+0x16)：对‘pthread_create’未定义的引用
collect2: error: ld returned 1 exit status
make[1]: *** [cmTryCompileExec1236100181] 错误 1
make[1]:正在离开目录 `/home/v5lab/hexapod_service_ws/src/climb2wall/build/CMakeFiles/CMakeTmp'
make: *** [cmTryCompileExec1236100181/fast] 错误 2

File /home/v5lab/hexapod_service_ws/src/climb2wall/build/CMakeFiles/CMakeTmp/CheckSymbolExists.c:
/* */
#include <pthread.h>

int main(int argc, char** argv)
{
  (void)argv;
#ifndef pthread_create
  return ((int*)(&pthread_create))[argc];
#else
  (void)argc;
  return 0;
#endif
}

Determining if the function pthread_create exists in the pthreads failed with the following output:
Change Dir: /home/v5lab/hexapod_service_ws/src/climb2wall/build/CMakeFiles/CMakeTmp

Run Build Command:/usr/bin/make "cmTryCompileExec2207976931/fast"
/usr/bin/make -f CMakeFiles/cmTryCompileExec2207976931.dir/build.make CMakeFiles/cmTryCompileExec2207976931.dir/build
make[1]: 正在进入目录 `/home/v5lab/hexapod_service_ws/src/climb2wall/build/CMakeFiles/CMakeTmp'
/usr/bin/cmake -E cmake_progress_report /home/v5lab/hexapod_service_ws/src/climb2wall/build/CMakeFiles/CMakeTmp/CMakeFiles 1
Building C object CMakeFiles/cmTryCompileExec2207976931.dir/CheckFunctionExists.c.o
/usr/bin/c89-gcc   -DCHECK_FUNCTION_EXISTS=pthread_create   -o CMakeFiles/cmTryCompileExec2207976931.dir/CheckFunctionExists.c.o   -c /usr/share/cmake-2.8/Modules/CheckFunctionExists.c
Linking C executable cmTryCompileExec2207976931
/usr/bin/cmake -E cmake_link_script CMakeFiles/cmTryCompileExec2207976931.dir/link.txt --verbose=1
/usr/bin/c89-gcc   -DCHECK_FUNCTION_EXISTS=pthread_create    CMakeFiles/cmTryCompileExec2207976931.dir/CheckFunctionExists.c.o  -o cmTryCompileExec2207976931 -rdynamic -lpthreads 
/usr/bin/ld: 找不到 -lpthreads
collect2: error: ld returned 1 exit status
make[1]:正在离开目录 `/home/v5lab/hexapod_service_ws/src/climb2wall/build/CMakeFiles/CMakeTmp'
make[1]: *** [cmTryCompileExec2207976931] 错误 1
make: *** [cmTryCompileExec2207976931/fast] 错误 2


